<?xml version="1.0" encoding="UTF-8"?>
<testsuite name="Ingresar a productos y servicios para validar PDf en tarjeta de credito" tests="1" skipped="1" failures="0" errors="0" timestamp="2020-09-07T14:15:28" hostname="SBMEDLAPPROJR51" time="0.021">
  <properties/>
  <testcase name="Validar PDf en tarjeta de credito" classname="Ingresar a productos y servicios para validar PDf en tarjeta de credito" time="0.021">
    <skipped/>
  </testcase>
  <system-out><![CDATA[]]></system-out>
  <system-err><![CDATA[[Test worker] INFO net.thucydides.core.steps.ConsoleLoggingListener - TEST PENDING
[Test worker] INFO net.thucydides.core.steps.ConsoleLoggingListener - TEST PENDING
[Test worker] INFO net.thucydides.core.steps.ConsoleLoggingListener - TEST PENDING
[Test worker] INFO net.thucydides.core.steps.ConsoleLoggingListener - 
          __  _____ _____ ____ _____   ____  _____ _   _ ____ ___ _   _  ____ 
 _       / / |_   _| ____/ ___|_   _| |  _ \| ____| \ | |  _ \_ _| \ | |/ ___|
(_)____ / /    | | |  _| \___ \ | |   | |_) |  _| |  \| | | | | ||  \| | |  _ 
 |_____/ /     | | | |___ ___) || |   |  __/| |___| |\  | |_| | || |\  | |_| |
(_)   /_/      |_| |_____|____/ |_|   |_|   |_____|_| \_|____/___|_| \_|\____|
                                                                                

TEST PENDING: Validar PDf en tarjeta de credito
---------------------------------------------------------------------------------
]]></system-err>
</testsuite>
