<?xml version="1.0" encoding="UTF-8"?>
<testsuite name="Ingresar a productos y servicios para validar PDf en tarjeta de credito" tests="1" skipped="0" failures="0" errors="0" timestamp="2020-09-07T22:25:54" hostname="SBMEDLAPPROJR51" time="22.222">
  <properties/>
  <testcase name="Validar PDf en tarjeta de credito" classname="Ingresar a productos y servicios para validar PDf en tarjeta de credito" time="22.222"/>
  <system-out><![CDATA[]]></system-out>
  <system-err><![CDATA[sep 07, 2020 5:25:55 PM org.openqa.selenium.remote.DesiredCapabilities chrome
INFORMACIÓN: Using `new ChromeOptions()` is preferred to `DesiredCapabilities.chrome()`
Starting ChromeDriver 85.0.4183.87 (cd6713ebf92fa1cacc0f1a598df280093af0c5d7-refs/branch-heads/4183@{#1689}) on port 21961
Only local connections are allowed.
Please see https://chromedriver.chromium.org/security-considerations for suggestions on keeping ChromeDriver safe.
ChromeDriver was started successfully.
sep 07, 2020 5:26:06 PM org.openqa.selenium.remote.ProtocolHandshake createSession
INFORMACIÓN: Detected dialect: W3C
[Test worker] INFO net.thucydides.core.steps.ConsoleLoggingListener - 
        __    _____ _____ ____ _____   ____   _    ____  ____  _____ ____  
  _     \ \  |_   _| ____/ ___|_   _| |  _ \ / \  / ___|/ ___|| ____|  _ \ 
 (_)_____| |   | | |  _| \___ \ | |   | |_) / _ \ \___ \\___ \|  _| | | | |
  _|_____| |   | | | |___ ___) || |   |  __/ ___ \ ___) |___) | |___| |_| |
 (_)     | |   |_| |_____|____/ |_|   |_| /_/   \_\____/|____/|_____|____/ 
        /_/                                                                

TEST PASSED: Validar PDf en tarjeta de credito
----------------------------------------------------------------------------
]]></system-err>
</testsuite>
